0:100  0:100  MemLog inited, TSC freq: 2195014786
0:100  0:000  CPU was calibrated with ACPI PM Timer
0:100  0:000  
0:100  0:000  Now is 9.9.2018,  4:59:0 (GMT)
0:100  0:000  Starting Clover revision: 4658 on INSYDE Corp. EFI
0:100  0:000  Build with: [Args: -D NO_GRUB_DRIVERS_EMBEDDED -t XCODE8 | -D NO_GRUB_DRIVERS_EMBEDDED -D USE_LOW_EBDA -a X64 -b RELEASE -t XCODE8 -n 5 | OS: 10.13.6 | XCODE: 9.4.1]
0:100  0:000  SelfDevicePath=PciRoot(0x0)\Pci(0x1F,0x2)\Sata(0x0,0x0,0x0)\HD(4,GPT,BDB7C1DB-57F7-416D-9714-7B0264C57C75,0x1BEF5000,0x32800) @A482D398
0:100  0:000  SelfDirPath = \EFI\CLOVER
0:100  0:000  === [ Get Smbios ] ========================================
0:100  0:000  Type 16 Index = 0
0:100  0:000  Total Memory Slots Count = 2
0:100  0:000  Type 17 Index = 0
0:100  0:000  SmbiosTable.Type17->Speed = 1333MHz
0:100  0:000  SmbiosTable.Type17->Size = 2048MB
0:100  0:000  SmbiosTable.Type17->Bank/Device = BANK 0 DIMM0
0:100  0:000  SmbiosTable.Type17->Vendor = Nanya Technology
0:100  0:000  SmbiosTable.Type17->SerialNumber = A77C3514
0:100  0:000  SmbiosTable.Type17->PartNumber = NT2GC64B88G0NS-CG 
0:100  0:000  Type 17 Index = 1
0:100  0:000  SmbiosTable.Type17->Speed = 1333MHz
0:100  0:000  SmbiosTable.Type17->Size = 2048MB
0:100  0:000  SmbiosTable.Type17->Bank/Device = BANK 2 DIMM1
0:100  0:000  SmbiosTable.Type17->Vendor = Kingston
0:100  0:000  SmbiosTable.Type17->SerialNumber = 343B130A
0:100  0:000  SmbiosTable.Type17->PartNumber = 99U5469-025.A00LF 
0:100  0:000  Boot status=0
0:100  0:000  Running on: 'Aspire E1-471G' with board 'EA40_HC'
0:100  0:000  === [ GetCPUProperties ] ==================================
0:100  0:000  CPU Vendor = 756E6547 Model=206A7
0:100  0:000   The CPU supported SSE4.1
0:100  0:000  BrandString = Intel(R) Core(TM) i3-2328M CPU @ 2.20GHz
0:100  0:000   The CPU not supported turbo
0:100  0:000  MSR 0x35               20004
0:100  0:000  MSR 0xE2 before patch 1E008404
0:100  0:000  MSR 0xE2 is locked, PM patches will be turned on
0:100  0:000  MSR 0xCE              00000800_60011600
0:100  0:000  corrected FLEX_RATIO = 0
0:100  0:000  MSR 0x1B0             00000000
0:100  0:000  FSBFrequency = 100 MHz, DMI FSBFrequency = 100 MHz, Corrected FSBFrequency = 100 MHz
0:100  0:000  MaxDiv/MinDiv: 22.0/8
0:100  0:000  Turbo: 22/22/22/22
0:100  0:000  Features: 0xBFEBFBFF
0:100  0:000  Threads: 4
0:100  0:000  Cores: 2
0:100  0:000  FSB: 100 MHz
0:100  0:000  CPU: 2200 MHz
0:100  0:000  TSC: 2200 MHz
0:100  0:000  PIS: 100 MHz
0:100  0:000  ExternalClock: 25 MHz
0:100  0:000  === [ GetDevices ] ========================================
0:100  0:000  PCI (00|00:00.00) : 8086 0104 class=060000
0:100  0:000  PCI (00|00:02.00) : 8086 0116 class=030000
0:100  0:000   - GFX: Model=Intel HD Graphics 3000 (Intel)
0:100  0:000  PCI (00|00:14.00) : 8086 1E31 class=0C0330
0:100  0:000  PCI (00|00:16.00) : 8086 1E3A class=078000
0:100  0:000  PCI (00|00:1A.00) : 8086 1E2D class=0C0320
0:100  0:000  PCI (00|00:1B.00) : 8086 1E20 class=040300
0:100  0:000  PCI (00|00:1C.00) : 8086 1E10 class=060400
0:100  0:000  PCI (00|00:1C.02) : 8086 1E14 class=060400
0:100  0:000  PCI (00|04:00.00) : 10EC 5289 class=FF0000
0:100  0:000  PCI (00|04:00.02) : 10EC 8168 class=020000
0:100  0:000   - LAN: 0 Vendor=Realtek
0:100  0:000  PCI (00|00:1C.07) : 8086 1E1E class=060400
0:100  0:000  PCI (00|09:00.00) : 168C 0032 class=028000
0:100  0:000   - WIFI: Vendor=Atheros
0:100  0:000  PCI (00|00:1D.00) : 8086 1E26 class=0C0320
0:100  0:000  PCI (00|00:1F.00) : 8086 1E57 class=060100
0:100  0:000  PCI (00|00:1F.02) : 8086 1E03 class=010601
0:100  0:000  PCI (00|00:1F.03) : 8086 1E22 class=0C0500
0:100  0:000  PCI (00|00:1F.06) : FFFF FFFF class=FFFFFF
0:100  0:000  === [ GetDefaultSettings ] ================================
0:100  0:000  Clover load options size = 36 bytes
0:100  0:000  Clover started with option to boot boot.efi from macOS
0:107  0:006  EFI\CLOVER\config.plist loaded: Success
0:107  0:000  === [ GetListOfThemes ] ===================================
0:108  0:001  - [00]: BGM
0:110  0:001  - [01]: embedded
0:111  0:001  - [01]: metal
0:112  0:000  - [02]: random
0:113  0:001  === [ Found config plists ] ===============================
0:113  0:000  - config_sou.plist
0:113  0:000  - config.plist
0:113  0:000  === [ GetEarlyUserSettings ] ==============================
0:113  0:000  timeout set to 5
0:113  0:000  Custom boot CUSTOM_BOOT_DISABLED (0x0)
0:113  0:000  ForceKextsToLoad: 1 requested
0:113  0:000   - [0]: System\Library\Extensions\IONetworkingFamily.kext
0:113  0:000  KextsToPatch: 5 requested
0:113  0:000   - [00]: com.apple.driver.AppleIntelSNBGraphicsFB (HDMI-audio HD3000, 0x00010000, port 0205) :: BinPatch :: data len: 12
0:113  0:000   - patch disabled at config
0:113  0:000   - [01]: com.apple.driver.AppleIntelSNBGraphicsFB (HDMI-audio HD3000, 0x00010000, port 0304) :: BinPatch :: data len: 12
0:113  0:000   - patch disabled at config
0:113  0:000   - [02]: com.apple.driver.AppleIntelSNBGraphicsFB (HDMI-audio HD3000, 0x00010000, port 0406) :: BinPatch :: data len: 12
0:113  0:000   - patch disabled at config
0:113  0:000   - [03]: com.apple.driver.AppleIntelSNBGraphicsFB (HDMI-audio/VGA(0602) HD3000, 0x00010000, port 0406) :: BinPatch :: data len: 60
0:113  0:000   - patch disabled at config
0:113  0:000   - [04]: com.apple.driver.AppleBacklight (NoLabel) :: BinPatch :: data len: 9
0:113  0:000  Default theme: BGM
0:113  0:000  Hiding entries with string Preboot
0:113  0:000   Custom EDID is ok
0:113  0:000  === [ LoadDrivers ] =======================================
0:114  0:000  Loading AppleImageCodec-64.efi  status=Success
0:114  0:000  Loading AppleKeyAggregator-64.efi  status=Success
0:114  0:000  Loading AppleUITheme-64.efi  status=Success
0:115  0:000  Loading DataHubDxe-64.efi  status=Success
0:115  0:000  Loading FirmwareVolume-64.efi  status=Success
0:115  0:000  Loading FSInject-64.efi  status=Success
0:115  0:000  Loading HFSPlus-64.efi  status=Success
0:115  0:000   - driver needs connecting
0:115  0:000  Loading OsxAptioFix2Drv-64.efi  status=Success
0:115  0:000  Loading OsxFatBinaryDrv-64.efi  status=Success
0:116  0:000  Loading PartitionDxe-64.efi  status=Success
0:116  0:000   - driver needs connecting
0:116  0:000  Loading SMCHelper-64.efi  status=Success
0:116  0:000  2 drivers needs connecting ...
0:116  0:000  PlatformDriverOverrideProtocol not found. Installing ... Success
0:116  0:000  Partition driver loaded: 
0:116  0:000  HFS+ driver loaded
0:116  0:000  Searching for invalid DiskIo BY_DRIVER connects: not found, all ok
0:399  0:282  === [ InitScreen ] ========================================
0:399  0:000  SetMaxResolution: found best mode 0: 1366x768
0:399  0:000   - already set
0:399  0:000  Console modes reported: 4, available modes:
0:399  0:000   - [01]: 80x25
0:399  0:000   - [03]: 100x31
0:399  0:000   - [04]: 170x40 (current mode)
0:399  0:000  SetScreenResolution: 1366x768 - already set
0:419  0:019  reinit: self device path=PciRoot(0x0)\Pci(0x1F,0x2)\Sata(0x0,0x0,0x0)\HD(4,GPT,BDB7C1DB-57F7-416D-9714-7B0264C57C75,0x1BEF5000,0x32800)
0:420  0:000  Using embedded font: Success
0:420  0:000  === [ GetMacAddress ] =====================================
0:420  0:000  === [ ScanSPD ] ===========================================
0:421  0:000  SMBus device : 8086 1E22 class=0C0500 status=Success
0:421  0:000  SMBus CmdReg: 0x3
0:421  0:000  Scanning SMBus [8086:1E22], mmio: 0xC0715004, ioport: 0x3040, hostc: 0x1
0:421  0:000  Slots to scan [8]...
0:421  0:000  SPD[0]: Type 11 @0x50
0:440  0:018  Not using XMP because it is not present
0:440  0:000  DDR speed 1333MHz
0:440  0:000  Slot: 0 Type 24 2048MB 1333MHz Vendor=Nanya Technology PartNo=NT2GC64B88G0NS-CG SerialNo=0A07070C03050104
0:440  0:000  SPD[2]: Type 11 @0x52
0:459  0:018  Not using XMP because it is not present
0:459  0:000  DDR speed 1333MHz
0:459  0:000  Slot: 2 Type 24 2048MB 1333MHz Vendor=Kingston PartNo=99U5469-025.A00LF SerialNo=0304030B0103000A
0:460  0:000  === [ GetAcpiTablesList ] =================================
0:460  0:000  Get Acpi Tables List from RSDT:
0:460  0:000   - [00]: FACP  ACRPRDCT len=268
0:460  0:000   - [01]: UEFI  ACRPRDCT len=566
0:460  0:000   - [02]: ASF!  ACRPRDCT len=165
0:460  0:000   - [03]: HPET  ACRPRDCT len=56
0:460  0:000   - [04]: APIC  ACRPRDCT len=140
0:460  0:000   - [05]: MCFG  ACRPRDCT len=60
0:460  0:000   - [06]: SLIC  ACRPRDCT len=374
0:460  0:000   - [07]: WDAT  ACRPRDCT len=548
0:460  0:000   - [08]: SSDT  ACRPRDCT len=4200
0:460  0:000   - [09]: BOOT  ACRPRDCT len=40
0:460  0:000   - [10]: ASPT  ACRPRDCT len=52
0:460  0:000   - [11]: FPDT  ACRPRDCT len=68
0:460  0:000   - [12]: SSDT  ACRPRDCT len=2408
0:460  0:000   - [13]: SSDT  ACRPRDCT len=2706
0:460  0:000   - [14]: BGRT  ACRPRDCT len=56
0:460  0:000  Calibrated TSC Frequency = 2195014786 = 2195MHz
0:460  0:000  === [ GetUserSettings ] ===================================
0:460  0:000   Custom EDID is ok
0:460  0:000  Can't install EdidOverride on ImageHandle
0:460  0:000  Add 13 properties:
0:460  0:000   - [00]: NVidia Key: name, len: 9
0:460  0:000   - [01]: NVidia Key: IOName, len: 9
0:460  0:000   - [02]: NVidia Key: class-code, len: 4
0:460  0:000   - [03]: ATI Key: name, len: 9
0:460  0:000   - [04]: ATI Key: IOName, len: 9
0:460  0:000   - [05]: ATI Key: class-code, len: 4
0:460  0:000   - [06]: ATI Key: vendor-id, len: 4
0:460  0:000   - [07]: ATI Key: device-id, len: 4
0:460  0:000   - [08]: IntelGFX Key: AAPL,snb-platform-id, len: 4
0:460  0:000   - [09]: IntelGFX Key: #AAPL,os-info, len: 20
0:460  0:000   - [10]: IntelGFX Key: #hda-gfx, len: 10
0:460  0:000   - [11]: HDA Key: #hda-gfx, len: 10
0:460  0:000   - [12]: HDA Key: #layout-id, len: 4
0:460  0:000  USB FixOwnership: yes
0:460  0:000  Dropping 2 tables:
0:460  0:000   - [00]: Drop table  signature="#MCF" (46434D23)
0:460  0:000           - set table: 46434D23,                0 to drop: no
0:460  0:000   - [01]: Drop table  signature="DMAR" (52414D44)
0:460  0:000           - set table: 52414D44,                0 to drop: no
0:460  0:000   - final DSDT Fix mask=00080001
0:460  0:000  PatchesDSDT: 10 requested
0:460  0:000   - [00]: (change OSID to XSID (to avoid match against _OSI XOSI patch)) lenToFind: 4, lenToReplace: 4, Target Bridge: <null string>
0:460  0:000    patch disabled at config
0:460  0:000   - [01]: (change _OSI to XOSI) lenToFind: 4, lenToReplace: 4, Target Bridge: <null string>
0:460  0:000    patch disabled at config
0:460  0:000   - [02]: (change _DSM to XDSM) lenToFind: 4, lenToReplace: 4, Target Bridge: <null string>
0:460  0:000    patch disabled at config
0:460  0:000   - [03]: (change EC0 to EC) lenToFind: 4, lenToReplace: 4, Target Bridge: <null string>
0:460  0:000    patch disabled at config
0:460  0:000   - [04]: (change H_EC to EC) lenToFind: 4, lenToReplace: 4, Target Bridge: <null string>
0:460  0:000    patch disabled at config
0:460  0:000   - [05]: (change EHC1 to EH01) lenToFind: 4, lenToReplace: 4, Target Bridge: <null string>
0:460  0:000   - [06]: (change EHC2 to EH02) lenToFind: 4, lenToReplace: 4, Target Bridge: <null string>
0:460  0:000   - [07]: (change GFX0 to IGPU) lenToFind: 4, lenToReplace: 4, Target Bridge: <null string>
0:460  0:000   - [08]: (change PCI0.VID to IGPU #1 (Thinkpad)) lenToFind: 8, lenToReplace: 8, Target Bridge: <null string>
0:460  0:000   - [09]: (change PCI0.VID to IGPU #2 (Thinkpad)) lenToFind: 14, lenToReplace: 14, Target Bridge: <null string>
0:460  0:000  Using ProductName from config: MacBookPro8,1
0:460  0:000  BiosVersion: not set, Using BiosVersion from clover
0:460  0:000  BiosVersion: MBP81.88Z.0050.B00.1804101331
0:460  0:000  BiosReleaseDate: 04/10/18
0:460  0:000  Using FirmwareFeatures from clover: 0xC00DE137
0:460  0:000  Using FirmwareFeaturesMask from clover: 0xFF1FFF3F
0:460  0:000  PlatformFeature will not set in SMBIOS
0:461  0:000  === [ Found DSDT tables ] =================================
1:120  0:659  === [ ScanVolumes ] =======================================
1:120  0:000  Found 7 volumes with blockIO
1:120  0:000  - [00]: Volume: PciRoot(0x0)\Pci(0x1F,0x2)\Sata(0x0,0x0,0x0)
1:121  0:000  - [01]: Volume: PciRoot(0x0)\Pci(0x1F,0x2)\Sata(0x5,0x0,0x0)
1:121  0:000  - [02]: Volume: PciRoot(0x0)\Pci(0x1F,0x2)\Sata(0x0,0x0,0x0)\HD(1,GPT,FD90F5CB-EB4E-4E24-8A4A-388094E97332,0x800,0x8ACA8E0)
1:121  0:000  - [03]: Volume: PciRoot(0x0)\Pci(0x1F,0x2)\Sata(0x0,0x0,0x0)\HD(2,GPT,C6528715-FFE3-4432-80F5-A759CF30E15F,0x8ACB0E0,0x135F20)
1:121  0:000  - [04]: Volume: PciRoot(0x0)\Pci(0x1F,0x2)\Sata(0x0,0x0,0x0)\HD(3,GPT,FF8A742E-2E7A-41E8-9393-4A164E78F389,0x8C01000,0x8C00800)
1:121  0:000  - [05]: Volume: PciRoot(0x0)\Pci(0x1F,0x2)\Sata(0x0,0x0,0x0)\HD(4,GPT,BDB7C1DB-57F7-416D-9714-7B0264C57C75,0x1BEF5000,0x32800)
1:122  0:000          Result of bootcode detection: bootable Windows (win)
1:126  0:004          This is SelfVolume !!
1:126  0:000  - [06]: Volume: PciRoot(0x0)\Pci(0x1F,0x2)\Sata(0x5,0x0,0x0)\HD(1,GPT,19F23730-485C-4A7E-868D-CF87F4634692,0x29,0x3A385FE6)
1:126  0:000          Result of bootcode detection: bootable Windows (vista,win)
1:126  0:000  === [ InitTheme ] =========================================
1:126  0:000   using embedded theme
1:127  0:000  Using embedded font: Success
1:127  0:000  Chosen embedded theme
1:127  0:000  found boot-args in NVRAM:, size=1
1:128  0:000  after NVRAM boot-args=slide=0 dart=0 nv_disable=1 kext-dev-mode=1
1:128  0:000  === [ Dump SMC keys from NVRAM ] ==========================
1:128  0:000  found AppleSMC protocol
1:141  0:013  Registered 17 SMC keys
1:141  0:000  === [ AddCustomEntries ] ==================================
1:141  0:000  Custom entry 0 Title:"Recovery" Path:"\com.apple.recovery.boot\boot.efi" Type:10 Flags:0x6 matching all volumes
1:141  0:000      Checking volume "macOS" (PciRoot(0x0)\Pci(0x1F,0x2)\Sata(0x0,0x0,0x0)\HD(1,GPT,FD90F5CB-EB4E-4E24-8A4A-388094E97332,0x800,0x8ACA8E0)) ... skipped because path does not exist
1:141  0:000      Checking volume "Recovery HD" (PciRoot(0x0)\Pci(0x1F,0x2)\Sata(0x0,0x0,0x0)\HD(2,GPT,C6528715-FFE3-4432-80F5-A759CF30E15F,0x8ACB0E0,0x135F20)) ... match!
1:145  0:003  Custom settings: <null string>.plist will  be applied
1:145  0:000      Checking volume "EFI" (PciRoot(0x0)\Pci(0x1F,0x2)\Sata(0x0,0x0,0x0)\HD(4,GPT,BDB7C1DB-57F7-416D-9714-7B0264C57C75,0x1BEF5000,0x32800)) ... skipped because path does not exist
1:145  0:000  Custom entry 1 Title:"Windows" Path:"\EFI\Microsoft\Boot\bootmgfw.efi" Options:"-s -h" Type:7 Flags:0x0 matching all volumes
1:145  0:000      Checking volume "macOS" (PciRoot(0x0)\Pci(0x1F,0x2)\Sata(0x0,0x0,0x0)\HD(1,GPT,FD90F5CB-EB4E-4E24-8A4A-388094E97332,0x800,0x8ACA8E0)) ... skipped because path does not exist
1:145  0:000      Checking volume "Recovery HD" (PciRoot(0x0)\Pci(0x1F,0x2)\Sata(0x0,0x0,0x0)\HD(2,GPT,C6528715-FFE3-4432-80F5-A759CF30E15F,0x8ACB0E0,0x135F20)) ... skipped because path does not exist
1:145  0:000      Checking volume "EFI" (PciRoot(0x0)\Pci(0x1F,0x2)\Sata(0x0,0x0,0x0)\HD(4,GPT,BDB7C1DB-57F7-416D-9714-7B0264C57C75,0x1BEF5000,0x32800)) ... skipped because path does not exist
1:145  0:000  === [ ScanLoader ] ========================================
1:145  0:000  - [02]: 'macOS'
1:148  0:002          AddLoaderEntry for Volume Name=macOS
1:149  0:001      hibernated: set as never
1:175  0:026  - [03]: 'Recovery HD'
1:175  0:000          AddLoaderEntry for Volume Name=Recovery HD
1:175  0:000       skipped because path `PciRoot(0x0)\Pci(0x1F,0x2)\Sata(0x0,0x0,0x0)\HD(2,GPT,C6528715-FFE3-4432-80F5-A759CF30E15F,0x8ACB0E0,0x135F20)\com.apple.recovery.boot\boot.efii` already exists for another entry!
1:177  0:001  - [05]: 'EFI'
1:178  0:001          AddLoaderEntry for Volume Name=EFI
1:183  0:004          AddLoaderEntry for Volume Name=EFI
1:183  0:000          skipped because entry is hidden
1:183  0:000  Scanning legacy ...
1:183  0:000   5: 'EFI' (win) add legacy
1:184  0:000   added 'Boot Windows from EFI' OSType=2 Icon=win
1:184  0:000   6: 'Legacy HD1' (vista,win) add legacy
1:184  0:000   added 'Boot Windows from Legacy HD1' OSType=2 Icon=vista,win
1:184  0:000  === [ AddCustomTool ] =====================================
1:184  0:000  found tool \EFI\CLOVER\tools\Shell64U.efi
1:184  0:000  Checking EFI partition Volume 5 for Clover
1:184  0:000   Found Clover
1:185  0:001  === [ GetEfiBootDeviceFromNvram ] =========================
1:185  0:000   - found entry 1. 'Boot macOS from macOS', Volume 'macOS', DevicePath 'PciRoot(0x0)\Pci(0x1F,0x2)\Sata(0x0,0x0,0x0)\HD(1,GPT,FD90F5CB-EB4E-4E24-8A4A-388094E97332,0x800,0x8ACA8E0)\System\Library\CoreServices\boot.efii'
1:185  0:000  DefaultIndex=1 and MainMenu.EntryCount=11
1:220  0:034  GUI ready
56:390  55:170  
Boot options:
-------------
56:390  0:000  BootOrder: 6: Boot0000, Boot0001, Boot0002, Boot0003, Boot0004, Boot0006
56:390  0:000   0) Boot0000: Clover start boot.efi at macOS, Attr: 0x1
56:390  0:000      HD(4,GPT,BDB7C1DB-57F7-416D-9714-7B0264C57C75,0x1BEF5000,0x32800)\EFI\CLOVER\CLOVERX64.EFII
56:390  0:000      Size: 206 (Attr:4 + FPl:2 + Desc:62 + FP:102 + Opt:36 = 206 -> OK)
56:390  0:000   1) Boot0001: Clover start boot.efi at Recovery HD, Attr: 0x1
56:390  0:000      HD(4,GPT,BDB7C1DB-57F7-416D-9714-7B0264C57C75,0x1BEF5000,0x32800)\EFI\CLOVER\CLOVERX64.EFII
56:390  0:000      Size: 230 (Attr:4 + FPl:2 + Desc:74 + FP:102 + Opt:48 = 230 -> OK)
56:391  0:000   2) Boot0002: Clover start grubx64.efi at EFI, Attr: 0x1
56:391  0:000      HD(4,GPT,BDB7C1DB-57F7-416D-9714-7B0264C57C75,0x1BEF5000,0x32800)\EFI\CLOVER\CLOVERX64.EFII
56:391  0:000      Size: 210 (Attr:4 + FPl:2 + Desc:64 + FP:102 + Opt:38 = 210 -> OK)
56:391  0:000   3) Boot0003: Clover start legacy at EFI, Attr: 0x1
56:391  0:000      HD(4,GPT,BDB7C1DB-57F7-416D-9714-7B0264C57C75,0x1BEF5000,0x32800)\EFI\CLOVER\CLOVERX64.EFII
56:391  0:000      Size: 176 (Attr:4 + FPl:2 + Desc:54 + FP:102 + Opt:14 = 176 -> OK)
56:391  0:000   4) Boot0004: Clover start legacy at Legacy HD1, Attr: 0x1
56:391  0:000      HD(4,GPT,BDB7C1DB-57F7-416D-9714-7B0264C57C75,0x1BEF5000,0x32800)\EFI\CLOVER\CLOVERX64.EFII
56:391  0:000      Size: 204 (Attr:4 + FPl:2 + Desc:68 + FP:102 + Opt:28 = 204 -> OK)
56:391  0:000   5) Boot0006: HDD: , Attr: 0x1
56:391  0:000      PciRoot(0x0)\Pci(0x1F,0x2)\Sata(0x0,0x0,0x0)\HD(4,GPT,BDB7C1DB-57F7-416D-9714-7B0264C57C75,0x1BEF5000,0x32800)\EFI\ubuntu\grubx64.efii
56:391  0:000      Size: 146 (Attr:4 + FPl:2 + Desc:12 + FP:126 + Opt:2 = 146 -> OK)
56:391  0:000  -------------
56:391  0:000  
DeleteBootOptionForFile: A482D398, \EFI\CLOVER\CLOVERX64.EFI
56:391  0:000  FindBootOptionForFile: A482D398, \EFI\CLOVER\CLOVERX64.EFI
56:391  0:000  BootOrder: 6: Boot0000, Boot0001, Boot0002, Boot0003, Boot0004, Boot0006
56:391  0:000   Searching for: PciRoot(0x0)\Pci(0x1F,0x2)\Sata(0x0,0x0,0x0)\HD(4,GPT,BDB7C1DB-57F7-416D-9714-7B0264C57C75,0x1BEF5000,0x32800)\EFI\CLOVER\CLOVERX64.EFII (Len: 130)
56:391  0:000   and for: HD(4,GPT,BDB7C1DB-57F7-416D-9714-7B0264C57C75,0x1BEF5000,0x32800)\EFI\CLOVER\CLOVERX64.EFII (Len: 102)
56:391  0:000  FindBootOptionForFile: Found Boot0000, at index 0
56:391  0:000  	deleted option: 0000
56:391  0:000  DeleteBootOption: Boot0000
56:392  0:001   Boot0000 deleted
56:392  0:000  DeleteFromBootOrder: 0000
56:392  0:000  BootOrder: 6: Boot0000, Boot0001, Boot0002, Boot0003, Boot0004, Boot0006
56:393  0:000   found at index 0
56:413  0:019  SetVariable: BootOrder = Success
56:413  0:000  FindBootOptionForFile: A482D398, \EFI\CLOVER\CLOVERX64.EFI
56:413  0:000  BootOrder: 5: Boot0001, Boot0002, Boot0003, Boot0004, Boot0006
56:413  0:000   Searching for: PciRoot(0x0)\Pci(0x1F,0x2)\Sata(0x0,0x0,0x0)\HD(4,GPT,BDB7C1DB-57F7-416D-9714-7B0264C57C75,0x1BEF5000,0x32800)\EFI\CLOVER\CLOVERX64.EFII (Len: 130)
56:413  0:000   and for: HD(4,GPT,BDB7C1DB-57F7-416D-9714-7B0264C57C75,0x1BEF5000,0x32800)\EFI\CLOVER\CLOVERX64.EFII (Len: 102)
56:413  0:000  FindBootOptionForFile: Found Boot0001, at index 0
56:413  0:000  	deleted option: 0001
56:413  0:000  DeleteBootOption: Boot0001
56:415  0:001   Boot0001 deleted
56:415  0:000  DeleteFromBootOrder: 0001
56:415  0:000  BootOrder: 5: Boot0001, Boot0002, Boot0003, Boot0004, Boot0006
56:415  0:000   found at index 0
56:435  0:020  SetVariable: BootOrder = Success
56:435  0:000  FindBootOptionForFile: A482D398, \EFI\CLOVER\CLOVERX64.EFI
56:435  0:000  BootOrder: 4: Boot0002, Boot0003, Boot0004, Boot0006
56:435  0:000   Searching for: PciRoot(0x0)\Pci(0x1F,0x2)\Sata(0x0,0x0,0x0)\HD(4,GPT,BDB7C1DB-57F7-416D-9714-7B0264C57C75,0x1BEF5000,0x32800)\EFI\CLOVER\CLOVERX64.EFII (Len: 130)
56:435  0:000   and for: HD(4,GPT,BDB7C1DB-57F7-416D-9714-7B0264C57C75,0x1BEF5000,0x32800)\EFI\CLOVER\CLOVERX64.EFII (Len: 102)
56:435  0:000  FindBootOptionForFile: Found Boot0002, at index 0
56:435  0:000  	deleted option: 0002
56:435  0:000  DeleteBootOption: Boot0002
56:436  0:001   Boot0002 deleted
56:436  0:000  DeleteFromBootOrder: 0002
56:436  0:000  BootOrder: 4: Boot0002, Boot0003, Boot0004, Boot0006
56:437  0:000   found at index 0
56:457  0:020  SetVariable: BootOrder = Success
56:457  0:000  FindBootOptionForFile: A482D398, \EFI\CLOVER\CLOVERX64.EFI
56:457  0:000  BootOrder: 3: Boot0003, Boot0004, Boot0006
56:457  0:000   Searching for: PciRoot(0x0)\Pci(0x1F,0x2)\Sata(0x0,0x0,0x0)\HD(4,GPT,BDB7C1DB-57F7-416D-9714-7B0264C57C75,0x1BEF5000,0x32800)\EFI\CLOVER\CLOVERX64.EFII (Len: 130)
56:457  0:000   and for: HD(4,GPT,BDB7C1DB-57F7-416D-9714-7B0264C57C75,0x1BEF5000,0x32800)\EFI\CLOVER\CLOVERX64.EFII (Len: 102)
56:457  0:000  FindBootOptionForFile: Found Boot0003, at index 0
56:457  0:000  	deleted option: 0003
56:457  0:000  DeleteBootOption: Boot0003
56:458  0:001   Boot0003 deleted
56:458  0:000  DeleteFromBootOrder: 0003
56:458  0:000  BootOrder: 3: Boot0003, Boot0004, Boot0006
56:458  0:000   found at index 0
56:478  0:020  SetVariable: BootOrder = Success
56:478  0:000  FindBootOptionForFile: A482D398, \EFI\CLOVER\CLOVERX64.EFI
56:478  0:000  BootOrder: 2: Boot0004, Boot0006
56:479  0:000   Searching for: PciRoot(0x0)\Pci(0x1F,0x2)\Sata(0x0,0x0,0x0)\HD(4,GPT,BDB7C1DB-57F7-416D-9714-7B0264C57C75,0x1BEF5000,0x32800)\EFI\CLOVER\CLOVERX64.EFII (Len: 130)
56:479  0:000   and for: HD(4,GPT,BDB7C1DB-57F7-416D-9714-7B0264C57C75,0x1BEF5000,0x32800)\EFI\CLOVER\CLOVERX64.EFII (Len: 102)
56:479  0:000  FindBootOptionForFile: Found Boot0004, at index 0
56:479  0:000  	deleted option: 0004
56:479  0:000  DeleteBootOption: Boot0004
56:480  0:001   Boot0004 deleted
56:480  0:000  DeleteFromBootOrder: 0004
56:480  0:000  BootOrder: 2: Boot0004, Boot0006
56:480  0:000   found at index 0
56:500  0:020  SetVariable: BootOrder = Success
56:500  0:000  FindBootOptionForFile: A482D398, \EFI\CLOVER\CLOVERX64.EFI
56:500  0:000  BootOrder: 1: Boot0006
56:500  0:000   Searching for: PciRoot(0x0)\Pci(0x1F,0x2)\Sata(0x0,0x0,0x0)\HD(4,GPT,BDB7C1DB-57F7-416D-9714-7B0264C57C75,0x1BEF5000,0x32800)\EFI\CLOVER\CLOVERX64.EFII (Len: 130)
56:500  0:000   and for: HD(4,GPT,BDB7C1DB-57F7-416D-9714-7B0264C57C75,0x1BEF5000,0x32800)\EFI\CLOVER\CLOVERX64.EFII (Len: 102)
56:500  0:000  FindBootOptionForFile: Not found.
56:500  0:000  
Boot options:
-------------
56:500  0:000  BootOrder: 1: Boot0006
56:501  0:000   0) Boot0006: HDD: , Attr: 0x1
56:501  0:000      PciRoot(0x0)\Pci(0x1F,0x2)\Sata(0x0,0x0,0x0)\HD(4,GPT,BDB7C1DB-57F7-416D-9714-7B0264C57C75,0x1BEF5000,0x32800)\EFI\ubuntu\grubx64.efii
56:501  0:000      Size: 146 (Attr:4 + FPl:2 + Desc:12 + FP:126 + Opt:2 = 146 -> OK)
56:501  0:000  -------------
56:501  0:000  ReinitSelfLib after theme change
56:501  0:000  reinit: self device path=PciRoot(0x0)\Pci(0x1F,0x2)\Sata(0x0,0x0,0x0)\HD(4,GPT,BDB7C1DB-57F7-416D-9714-7B0264C57C75,0x1BEF5000,0x32800)
56:501  0:000  === [ ScanVolumes ] =======================================
56:501  0:000  Found 7 volumes with blockIO
56:501  0:000  - [00]: Volume: PciRoot(0x0)\Pci(0x1F,0x2)\Sata(0x0,0x0,0x0)
56:501  0:000  - [01]: Volume: PciRoot(0x0)\Pci(0x1F,0x2)\Sata(0x5,0x0,0x0)
56:501  0:000  - [02]: Volume: PciRoot(0x0)\Pci(0x1F,0x2)\Sata(0x0,0x0,0x0)\HD(1,GPT,FD90F5CB-EB4E-4E24-8A4A-388094E97332,0x800,0x8ACA8E0)
56:501  0:000  - [03]: Volume: PciRoot(0x0)\Pci(0x1F,0x2)\Sata(0x0,0x0,0x0)\HD(2,GPT,C6528715-FFE3-4432-80F5-A759CF30E15F,0x8ACB0E0,0x135F20)
56:501  0:000  - [04]: Volume: PciRoot(0x0)\Pci(0x1F,0x2)\Sata(0x0,0x0,0x0)\HD(3,GPT,FF8A742E-2E7A-41E8-9393-4A164E78F389,0x8C01000,0x8C00800)
56:502  0:000  - [05]: Volume: PciRoot(0x0)\Pci(0x1F,0x2)\Sata(0x0,0x0,0x0)\HD(4,GPT,BDB7C1DB-57F7-416D-9714-7B0264C57C75,0x1BEF5000,0x32800)
56:502  0:000          Result of bootcode detection: bootable Windows (win)
56:502  0:000          This is SelfVolume !!
56:502  0:000  - [06]: Volume: PciRoot(0x0)\Pci(0x1F,0x2)\Sata(0x5,0x0,0x0)\HD(1,GPT,19F23730-485C-4A7E-868D-CF87F4634692,0x29,0x3A385FE6)
56:503  0:000          Result of bootcode detection: bootable Windows (vista,win)
56:503  0:000  Chosen embedded theme
56:503  0:000  found boot-args in NVRAM:, size=1
56:503  0:000  after NVRAM boot-args=slide=0 dart=0 nv_disable=1 kext-dev-mode=1
56:503  0:000  === [ AddCustomEntries ] ==================================
56:503  0:000  Custom entry 0 Title:"Recovery" Path:"\com.apple.recovery.boot\boot.efi" Type:10 Flags:0x6 matching all volumes
56:503  0:000      Checking volume "macOS" (PciRoot(0x0)\Pci(0x1F,0x2)\Sata(0x0,0x0,0x0)\HD(1,GPT,FD90F5CB-EB4E-4E24-8A4A-388094E97332,0x800,0x8ACA8E0)) ... skipped because path does not exist
56:503  0:000      Checking volume "Recovery HD" (PciRoot(0x0)\Pci(0x1F,0x2)\Sata(0x0,0x0,0x0)\HD(2,GPT,C6528715-FFE3-4432-80F5-A759CF30E15F,0x8ACB0E0,0x135F20)) ... match!
56:503  0:000  Custom settings: <null string>.plist will  be applied
56:503  0:000      Checking volume "EFI" (PciRoot(0x0)\Pci(0x1F,0x2)\Sata(0x0,0x0,0x0)\HD(4,GPT,BDB7C1DB-57F7-416D-9714-7B0264C57C75,0x1BEF5000,0x32800)) ... skipped because path does not exist
56:503  0:000  Custom entry 1 Title:"Windows" Path:"\EFI\Microsoft\Boot\bootmgfw.efi" Options:"-s -h" Type:7 Flags:0x0 matching all volumes
56:503  0:000      Checking volume "macOS" (PciRoot(0x0)\Pci(0x1F,0x2)\Sata(0x0,0x0,0x0)\HD(1,GPT,FD90F5CB-EB4E-4E24-8A4A-388094E97332,0x800,0x8ACA8E0)) ... skipped because path does not exist
56:503  0:000      Checking volume "Recovery HD" (PciRoot(0x0)\Pci(0x1F,0x2)\Sata(0x0,0x0,0x0)\HD(2,GPT,C6528715-FFE3-4432-80F5-A759CF30E15F,0x8ACB0E0,0x135F20)) ... skipped because path does not exist
56:503  0:000      Checking volume "EFI" (PciRoot(0x0)\Pci(0x1F,0x2)\Sata(0x0,0x0,0x0)\HD(4,GPT,BDB7C1DB-57F7-416D-9714-7B0264C57C75,0x1BEF5000,0x32800)) ... skipped because path does not exist
56:503  0:000  === [ ScanLoader ] ========================================
56:503  0:000  - [02]: 'macOS'
56:506  0:003          AddLoaderEntry for Volume Name=macOS
56:508  0:001      hibernated: set as never
56:533  0:025  - [03]: 'Recovery HD'
56:533  0:000          AddLoaderEntry for Volume Name=Recovery HD
56:533  0:000       skipped because path `PciRoot(0x0)\Pci(0x1F,0x2)\Sata(0x0,0x0,0x0)\HD(2,GPT,C6528715-FFE3-4432-80F5-A759CF30E15F,0x8ACB0E0,0x135F20)\com.apple.recovery.boot\boot.efii` already exists for another entry!
56:534  0:001  - [05]: 'EFI'
56:535  0:000          AddLoaderEntry for Volume Name=EFI
56:536  0:001          AddLoaderEntry for Volume Name=EFI
56:536  0:000          skipped because entry is hidden
56:536  0:000  Scanning legacy ...
56:536  0:000   5: 'EFI' (win) add legacy
56:536  0:000   added 'Boot Windows from EFI' OSType=2 Icon=win
56:536  0:000   6: 'Legacy HD1' (vista,win) add legacy
56:536  0:000   added 'Boot Windows from Legacy HD1' OSType=2 Icon=vista,win
56:536  0:000  === [ AddCustomTool ] =====================================
56:536  0:000  found tool \EFI\CLOVER\tools\Shell64U.efi
56:536  0:000  Checking EFI partition Volume 5 for Clover
56:536  0:000   Found Clover
56:537  0:000  === [ GetEfiBootDeviceFromNvram ] =========================
56:537  0:000   - found entry 1. 'Boot macOS from macOS', Volume 'macOS', DevicePath 'PciRoot(0x0)\Pci(0x1F,0x2)\Sata(0x0,0x0,0x0)\HD(1,GPT,FD90F5CB-EB4E-4E24-8A4A-388094E97332,0x800,0x8ACA8E0)\System\Library\CoreServices\boot.efii'
56:537  0:000  DefaultIndex=1 and MainMenu.EntryCount=11
61:734  5:197  
Boot options:
-------------
61:734  0:000  BootOrder: 1: Boot0006
61:734  0:000   0) Boot0006: HDD: , Attr: 0x1
61:734  0:000      PciRoot(0x0)\Pci(0x1F,0x2)\Sata(0x0,0x0,0x0)\HD(4,GPT,BDB7C1DB-57F7-416D-9714-7B0264C57C75,0x1BEF5000,0x32800)\EFI\ubuntu\grubx64.efii
61:734  0:000      Size: 146 (Attr:4 + FPl:2 + Desc:12 + FP:126 + Opt:2 = 146 -> OK)
61:734  0:000  
Boot options not in BootOrder list:
61:735  0:000   0) Boot0082: , Attr: 0x1
61:735  0:000      PciRoot(0x0)\Pci(0x1F,0x2)\Sata(0x0,0x0,0x0)\HD(1,GPT,FD90F5CB-EB4E-4E24-8A4A-388094E97332,0x800,0x8ACA8E0)
61:735  0:000      Size: 82 (Attr:4 + FPl:2 + Desc:2 + FP:74 + Opt:0 = 82 -> OK)
62:101  0:366  -------------
62:101  0:000  ReinitSelfLib after theme change
62:101  0:000  reinit: self device path=PciRoot(0x0)\Pci(0x1F,0x2)\Sata(0x0,0x0,0x0)\HD(4,GPT,BDB7C1DB-57F7-416D-9714-7B0264C57C75,0x1BEF5000,0x32800)
62:101  0:000  === [ ScanVolumes ] =======================================
62:101  0:000  Found 7 volumes with blockIO
62:101  0:000  - [00]: Volume: PciRoot(0x0)\Pci(0x1F,0x2)\Sata(0x0,0x0,0x0)
62:102  0:000  - [01]: Volume: PciRoot(0x0)\Pci(0x1F,0x2)\Sata(0x5,0x0,0x0)
62:102  0:000  - [02]: Volume: PciRoot(0x0)\Pci(0x1F,0x2)\Sata(0x0,0x0,0x0)\HD(1,GPT,FD90F5CB-EB4E-4E24-8A4A-388094E97332,0x800,0x8ACA8E0)
62:102  0:000  - [03]: Volume: PciRoot(0x0)\Pci(0x1F,0x2)\Sata(0x0,0x0,0x0)\HD(2,GPT,C6528715-FFE3-4432-80F5-A759CF30E15F,0x8ACB0E0,0x135F20)
62:102  0:000  - [04]: Volume: PciRoot(0x0)\Pci(0x1F,0x2)\Sata(0x0,0x0,0x0)\HD(3,GPT,FF8A742E-2E7A-41E8-9393-4A164E78F389,0x8C01000,0x8C00800)
62:102  0:000  - [05]: Volume: PciRoot(0x0)\Pci(0x1F,0x2)\Sata(0x0,0x0,0x0)\HD(4,GPT,BDB7C1DB-57F7-416D-9714-7B0264C57C75,0x1BEF5000,0x32800)
62:103  0:000          Result of bootcode detection: bootable Windows (win)
62:103  0:000          This is SelfVolume !!
62:103  0:000  - [06]: Volume: PciRoot(0x0)\Pci(0x1F,0x2)\Sata(0x5,0x0,0x0)\HD(1,GPT,19F23730-485C-4A7E-868D-CF87F4634692,0x29,0x3A385FE6)
62:103  0:000          Result of bootcode detection: bootable Windows (vista,win)
62:103  0:000  Chosen embedded theme
62:103  0:000  found boot-args in NVRAM:, size=1
62:103  0:000  after NVRAM boot-args=slide=0 dart=0 nv_disable=1 kext-dev-mode=1
62:103  0:000  === [ AddCustomEntries ] ==================================
62:103  0:000  Custom entry 0 Title:"Recovery" Path:"\com.apple.recovery.boot\boot.efi" Type:10 Flags:0x6 matching all volumes
62:103  0:000      Checking volume "macOS" (PciRoot(0x0)\Pci(0x1F,0x2)\Sata(0x0,0x0,0x0)\HD(1,GPT,FD90F5CB-EB4E-4E24-8A4A-388094E97332,0x800,0x8ACA8E0)) ... skipped because path does not exist
62:103  0:000      Checking volume "Recovery HD" (PciRoot(0x0)\Pci(0x1F,0x2)\Sata(0x0,0x0,0x0)\HD(2,GPT,C6528715-FFE3-4432-80F5-A759CF30E15F,0x8ACB0E0,0x135F20)) ... match!
62:104  0:000  Custom settings: <null string>.plist will  be applied
62:104  0:000      Checking volume "EFI" (PciRoot(0x0)\Pci(0x1F,0x2)\Sata(0x0,0x0,0x0)\HD(4,GPT,BDB7C1DB-57F7-416D-9714-7B0264C57C75,0x1BEF5000,0x32800)) ... skipped because path does not exist
62:104  0:000  Custom entry 1 Title:"Windows" Path:"\EFI\Microsoft\Boot\bootmgfw.efi" Options:"-s -h" Type:7 Flags:0x0 matching all volumes
62:104  0:000      Checking volume "macOS" (PciRoot(0x0)\Pci(0x1F,0x2)\Sata(0x0,0x0,0x0)\HD(1,GPT,FD90F5CB-EB4E-4E24-8A4A-388094E97332,0x800,0x8ACA8E0)) ... skipped because path does not exist
62:104  0:000      Checking volume "Recovery HD" (PciRoot(0x0)\Pci(0x1F,0x2)\Sata(0x0,0x0,0x0)\HD(2,GPT,C6528715-FFE3-4432-80F5-A759CF30E15F,0x8ACB0E0,0x135F20)) ... skipped because path does not exist
62:104  0:000      Checking volume "EFI" (PciRoot(0x0)\Pci(0x1F,0x2)\Sata(0x0,0x0,0x0)\HD(4,GPT,BDB7C1DB-57F7-416D-9714-7B0264C57C75,0x1BEF5000,0x32800)) ... skipped because path does not exist
62:104  0:000  === [ ScanLoader ] ========================================
62:104  0:000  - [02]: 'macOS'
62:107  0:002          AddLoaderEntry for Volume Name=macOS
62:108  0:001      hibernated: set as never
62:133  0:025  - [03]: 'Recovery HD'
62:133  0:000          AddLoaderEntry for Volume Name=Recovery HD
62:133  0:000       skipped because path `PciRoot(0x0)\Pci(0x1F,0x2)\Sata(0x0,0x0,0x0)\HD(2,GPT,C6528715-FFE3-4432-80F5-A759CF30E15F,0x8ACB0E0,0x135F20)\com.apple.recovery.boot\boot.efii` already exists for another entry!
62:134  0:001  - [05]: 'EFI'
62:135  0:000          AddLoaderEntry for Volume Name=EFI
62:136  0:001          AddLoaderEntry for Volume Name=EFI
62:136  0:000          skipped because entry is hidden
62:136  0:000  Scanning legacy ...
62:136  0:000   5: 'EFI' (win) add legacy
62:136  0:000   added 'Boot Windows from EFI' OSType=2 Icon=win
62:136  0:000   6: 'Legacy HD1' (vista,win) add legacy
62:137  0:000   added 'Boot Windows from Legacy HD1' OSType=2 Icon=vista,win
62:137  0:000  === [ AddCustomTool ] =====================================
62:137  0:000  found tool \EFI\CLOVER\tools\Shell64U.efi
62:137  0:000  Checking EFI partition Volume 5 for Clover
62:137  0:000   Found Clover
62:137  0:000  === [ GetEfiBootDeviceFromNvram ] =========================
62:137  0:000   - found entry 1. 'Boot macOS from macOS', Volume 'macOS', DevicePath 'PciRoot(0x0)\Pci(0x1F,0x2)\Sata(0x0,0x0,0x0)\HD(1,GPT,FD90F5CB-EB4E-4E24-8A4A-388094E97332,0x800,0x8ACA8E0)\System\Library\CoreServices\boot.efii'
62:137  0:000  DefaultIndex=1 and MainMenu.EntryCount=11
106:359  44:221  ReinitSelfLib after theme change
106:359  0:000  reinit: self device path=PciRoot(0x0)\Pci(0x1F,0x2)\Sata(0x0,0x0,0x0)\HD(4,GPT,BDB7C1DB-57F7-416D-9714-7B0264C57C75,0x1BEF5000,0x32800)
106:359  0:000  === [ ScanVolumes ] =======================================
106:359  0:000  Found 7 volumes with blockIO
106:359  0:000  - [00]: Volume: PciRoot(0x0)\Pci(0x1F,0x2)\Sata(0x0,0x0,0x0)
106:359  0:000  - [01]: Volume: PciRoot(0x0)\Pci(0x1F,0x2)\Sata(0x5,0x0,0x0)
106:359  0:000  - [02]: Volume: PciRoot(0x0)\Pci(0x1F,0x2)\Sata(0x0,0x0,0x0)\HD(1,GPT,FD90F5CB-EB4E-4E24-8A4A-388094E97332,0x800,0x8ACA8E0)
106:359  0:000  - [03]: Volume: PciRoot(0x0)\Pci(0x1F,0x2)\Sata(0x0,0x0,0x0)\HD(2,GPT,C6528715-FFE3-4432-80F5-A759CF30E15F,0x8ACB0E0,0x135F20)
106:359  0:000  - [04]: Volume: PciRoot(0x0)\Pci(0x1F,0x2)\Sata(0x0,0x0,0x0)\HD(3,GPT,FF8A742E-2E7A-41E8-9393-4A164E78F389,0x8C01000,0x8C00800)
106:360  0:000  - [05]: Volume: PciRoot(0x0)\Pci(0x1F,0x2)\Sata(0x0,0x0,0x0)\HD(4,GPT,BDB7C1DB-57F7-416D-9714-7B0264C57C75,0x1BEF5000,0x32800)
106:360  0:000          Result of bootcode detection: bootable Windows (win)
106:360  0:000          This is SelfVolume !!
106:360  0:000  - [06]: Volume: PciRoot(0x0)\Pci(0x1F,0x2)\Sata(0x5,0x0,0x0)\HD(1,GPT,19F23730-485C-4A7E-868D-CF87F4634692,0x29,0x3A385FE6)
106:360  0:000          Result of bootcode detection: bootable Windows (vista,win)
106:360  0:000  Chosen embedded theme
106:360  0:000  found boot-args in NVRAM:, size=1
106:360  0:000  after NVRAM boot-args=slide=0 dart=0 nv_disable=1 kext-dev-mode=1
106:360  0:000  === [ AddCustomEntries ] ==================================
106:360  0:000  Custom entry 0 Title:"Recovery" Path:"\com.apple.recovery.boot\boot.efi" Type:10 Flags:0x6 matching all volumes
106:360  0:000      Checking volume "macOS" (PciRoot(0x0)\Pci(0x1F,0x2)\Sata(0x0,0x0,0x0)\HD(1,GPT,FD90F5CB-EB4E-4E24-8A4A-388094E97332,0x800,0x8ACA8E0)) ... skipped because path does not exist
106:360  0:000      Checking volume "Recovery HD" (PciRoot(0x0)\Pci(0x1F,0x2)\Sata(0x0,0x0,0x0)\HD(2,GPT,C6528715-FFE3-4432-80F5-A759CF30E15F,0x8ACB0E0,0x135F20)) ... match!
106:361  0:000  Custom settings: <null string>.plist will  be applied
106:361  0:000      Checking volume "EFI" (PciRoot(0x0)\Pci(0x1F,0x2)\Sata(0x0,0x0,0x0)\HD(4,GPT,BDB7C1DB-57F7-416D-9714-7B0264C57C75,0x1BEF5000,0x32800)) ... skipped because path does not exist
106:361  0:000  Custom entry 1 Title:"Windows" Path:"\EFI\Microsoft\Boot\bootmgfw.efi" Options:"-s -h" Type:7 Flags:0x0 matching all volumes
106:361  0:000      Checking volume "macOS" (PciRoot(0x0)\Pci(0x1F,0x2)\Sata(0x0,0x0,0x0)\HD(1,GPT,FD90F5CB-EB4E-4E24-8A4A-388094E97332,0x800,0x8ACA8E0)) ... skipped because path does not exist
106:361  0:000      Checking volume "Recovery HD" (PciRoot(0x0)\Pci(0x1F,0x2)\Sata(0x0,0x0,0x0)\HD(2,GPT,C6528715-FFE3-4432-80F5-A759CF30E15F,0x8ACB0E0,0x135F20)) ... skipped because path does not exist
106:361  0:000      Checking volume "EFI" (PciRoot(0x0)\Pci(0x1F,0x2)\Sata(0x0,0x0,0x0)\HD(4,GPT,BDB7C1DB-57F7-416D-9714-7B0264C57C75,0x1BEF5000,0x32800)) ... skipped because path does not exist
106:361  0:000  === [ ScanLoader ] ========================================
106:361  0:000  - [02]: 'macOS'
106:364  0:003          AddLoaderEntry for Volume Name=macOS
106:365  0:001      hibernated: set as never
106:391  0:025  - [03]: 'Recovery HD'
106:391  0:000          AddLoaderEntry for Volume Name=Recovery HD
106:391  0:000       skipped because path `PciRoot(0x0)\Pci(0x1F,0x2)\Sata(0x0,0x0,0x0)\HD(2,GPT,C6528715-FFE3-4432-80F5-A759CF30E15F,0x8ACB0E0,0x135F20)\com.apple.recovery.boot\boot.efii` already exists for another entry!
106:392  0:001  - [05]: 'EFI'
106:393  0:000          AddLoaderEntry for Volume Name=EFI
106:394  0:001          AddLoaderEntry for Volume Name=EFI
106:394  0:000          skipped because entry is hidden
106:394  0:000  Scanning legacy ...
106:394  0:000   5: 'EFI' (win) add legacy
106:395  0:000   added 'Boot Windows from EFI' OSType=2 Icon=win
106:395  0:000   6: 'Legacy HD1' (vista,win) add legacy
106:395  0:000   added 'Boot Windows from Legacy HD1' OSType=2 Icon=vista,win
106:395  0:000  === [ AddCustomTool ] =====================================
106:395  0:000  found tool \EFI\CLOVER\tools\Shell64U.efi
106:395  0:000  Checking EFI partition Volume 5 for Clover
106:395  0:000   Found Clover
106:395  0:000  === [ GetEfiBootDeviceFromNvram ] =========================
106:395  0:000   - found entry 1. 'Boot macOS from macOS', Volume 'macOS', DevicePath 'PciRoot(0x0)\Pci(0x1F,0x2)\Sata(0x0,0x0,0x0)\HD(1,GPT,FD90F5CB-EB4E-4E24-8A4A-388094E97332,0x800,0x8ACA8E0)\System\Library\CoreServices\boot.efii'
106:395  0:000  DefaultIndex=1 and MainMenu.EntryCount=11
131:661  25:266  ReinitSelfLib after theme change
131:661  0:000  reinit: self device path=PciRoot(0x0)\Pci(0x1F,0x2)\Sata(0x0,0x0,0x0)\HD(4,GPT,BDB7C1DB-57F7-416D-9714-7B0264C57C75,0x1BEF5000,0x32800)
131:662  0:000  === [ ScanVolumes ] =======================================
131:662  0:000  Found 7 volumes with blockIO
131:662  0:000  - [00]: Volume: PciRoot(0x0)\Pci(0x1F,0x2)\Sata(0x0,0x0,0x0)
131:662  0:000  - [01]: Volume: PciRoot(0x0)\Pci(0x1F,0x2)\Sata(0x5,0x0,0x0)
131:662  0:000  - [02]: Volume: PciRoot(0x0)\Pci(0x1F,0x2)\Sata(0x0,0x0,0x0)\HD(1,GPT,FD90F5CB-EB4E-4E24-8A4A-388094E97332,0x800,0x8ACA8E0)
131:662  0:000  - [03]: Volume: PciRoot(0x0)\Pci(0x1F,0x2)\Sata(0x0,0x0,0x0)\HD(2,GPT,C6528715-FFE3-4432-80F5-A759CF30E15F,0x8ACB0E0,0x135F20)
131:662  0:000  - [04]: Volume: PciRoot(0x0)\Pci(0x1F,0x2)\Sata(0x0,0x0,0x0)\HD(3,GPT,FF8A742E-2E7A-41E8-9393-4A164E78F389,0x8C01000,0x8C00800)
131:663  0:000  - [05]: Volume: PciRoot(0x0)\Pci(0x1F,0x2)\Sata(0x0,0x0,0x0)\HD(4,GPT,BDB7C1DB-57F7-416D-9714-7B0264C57C75,0x1BEF5000,0x32800)
131:663  0:000          Result of bootcode detection: bootable Windows (win)
131:663  0:000          This is SelfVolume !!
131:663  0:000  - [06]: Volume: PciRoot(0x0)\Pci(0x1F,0x2)\Sata(0x5,0x0,0x0)\HD(1,GPT,19F23730-485C-4A7E-868D-CF87F4634692,0x29,0x3A385FE6)
131:663  0:000          Result of bootcode detection: bootable Windows (vista,win)
131:663  0:000  Chosen embedded theme
131:663  0:000  found boot-args in NVRAM:, size=1
131:663  0:000  after NVRAM boot-args=slide=0 dart=0 nv_disable=1 kext-dev-mode=1
131:663  0:000  === [ AddCustomEntries ] ==================================
131:663  0:000  Custom entry 0 Title:"Recovery" Path:"\com.apple.recovery.boot\boot.efi" Type:10 Flags:0x6 matching all volumes
131:663  0:000      Checking volume "macOS" (PciRoot(0x0)\Pci(0x1F,0x2)\Sata(0x0,0x0,0x0)\HD(1,GPT,FD90F5CB-EB4E-4E24-8A4A-388094E97332,0x800,0x8ACA8E0)) ... skipped because path does not exist
131:663  0:000      Checking volume "Recovery HD" (PciRoot(0x0)\Pci(0x1F,0x2)\Sata(0x0,0x0,0x0)\HD(2,GPT,C6528715-FFE3-4432-80F5-A759CF30E15F,0x8ACB0E0,0x135F20)) ... match!
131:664  0:000  Custom settings: <null string>.plist will  be applied
131:664  0:000      Checking volume "EFI" (PciRoot(0x0)\Pci(0x1F,0x2)\Sata(0x0,0x0,0x0)\HD(4,GPT,BDB7C1DB-57F7-416D-9714-7B0264C57C75,0x1BEF5000,0x32800)) ... skipped because path does not exist
131:664  0:000  Custom entry 1 Title:"Windows" Path:"\EFI\Microsoft\Boot\bootmgfw.efi" Options:"-s -h" Type:7 Flags:0x0 matching all volumes
131:664  0:000      Checking volume "macOS" (PciRoot(0x0)\Pci(0x1F,0x2)\Sata(0x0,0x0,0x0)\HD(1,GPT,FD90F5CB-EB4E-4E24-8A4A-388094E97332,0x800,0x8ACA8E0)) ... skipped because path does not exist
131:664  0:000      Checking volume "Recovery HD" (PciRoot(0x0)\Pci(0x1F,0x2)\Sata(0x0,0x0,0x0)\HD(2,GPT,C6528715-FFE3-4432-80F5-A759CF30E15F,0x8ACB0E0,0x135F20)) ... skipped because path does not exist
131:664  0:000      Checking volume "EFI" (PciRoot(0x0)\Pci(0x1F,0x2)\Sata(0x0,0x0,0x0)\HD(4,GPT,BDB7C1DB-57F7-416D-9714-7B0264C57C75,0x1BEF5000,0x32800)) ... skipped because path does not exist
131:664  0:000  === [ ScanLoader ] ========================================
131:664  0:000  - [02]: 'macOS'
131:667  0:003          AddLoaderEntry for Volume Name=macOS
131:668  0:001      hibernated: set as never
131:694  0:025  - [03]: 'Recovery HD'
131:694  0:000          AddLoaderEntry for Volume Name=Recovery HD
131:694  0:000       skipped because path `PciRoot(0x0)\Pci(0x1F,0x2)\Sata(0x0,0x0,0x0)\HD(2,GPT,C6528715-FFE3-4432-80F5-A759CF30E15F,0x8ACB0E0,0x135F20)\com.apple.recovery.boot\boot.efii` already exists for another entry!
131:695  0:001  - [05]: 'EFI'
131:696  0:000          AddLoaderEntry for Volume Name=EFI
131:697  0:001          AddLoaderEntry for Volume Name=EFI
131:698  0:000  Scanning legacy ...
131:698  0:000   5: 'EFI' (win) add legacy
131:698  0:000   added 'Boot Windows from EFI' OSType=2 Icon=win
131:698  0:000   6: 'Legacy HD1' (vista,win) add legacy
131:698  0:000   added 'Boot Windows from Legacy HD1' OSType=2 Icon=vista,win
131:698  0:000  === [ AddCustomTool ] =====================================
131:698  0:000  found tool \EFI\CLOVER\tools\Shell64U.efi
131:698  0:000  Checking EFI partition Volume 5 for Clover
131:698  0:000   Found Clover
131:698  0:000  === [ GetEfiBootDeviceFromNvram ] =========================
131:698  0:000   - found entry 1. 'Boot macOS from macOS', Volume 'macOS', DevicePath 'PciRoot(0x0)\Pci(0x1F,0x2)\Sata(0x0,0x0,0x0)\HD(1,GPT,FD90F5CB-EB4E-4E24-8A4A-388094E97332,0x800,0x8ACA8E0)\System\Library\CoreServices\boot.efii'
131:698  0:000  DefaultIndex=1 and MainMenu.EntryCount=12
132:453  0:755  ReinitSelfLib after theme change
132:453  0:000  reinit: self device path=PciRoot(0x0)\Pci(0x1F,0x2)\Sata(0x0,0x0,0x0)\HD(4,GPT,BDB7C1DB-57F7-416D-9714-7B0264C57C75,0x1BEF5000,0x32800)
132:454  0:000  === [ ScanVolumes ] =======================================
132:454  0:000  Found 7 volumes with blockIO
132:454  0:000  - [00]: Volume: PciRoot(0x0)\Pci(0x1F,0x2)\Sata(0x0,0x0,0x0)
132:454  0:000  - [01]: Volume: PciRoot(0x0)\Pci(0x1F,0x2)\Sata(0x5,0x0,0x0)
132:454  0:000  - [02]: Volume: PciRoot(0x0)\Pci(0x1F,0x2)\Sata(0x0,0x0,0x0)\HD(1,GPT,FD90F5CB-EB4E-4E24-8A4A-388094E97332,0x800,0x8ACA8E0)
132:454  0:000  - [03]: Volume: PciRoot(0x0)\Pci(0x1F,0x2)\Sata(0x0,0x0,0x0)\HD(2,GPT,C6528715-FFE3-4432-80F5-A759CF30E15F,0x8ACB0E0,0x135F20)
132:454  0:000  - [04]: Volume: PciRoot(0x0)\Pci(0x1F,0x2)\Sata(0x0,0x0,0x0)\HD(3,GPT,FF8A742E-2E7A-41E8-9393-4A164E78F389,0x8C01000,0x8C00800)
132:455  0:000  - [05]: Volume: PciRoot(0x0)\Pci(0x1F,0x2)\Sata(0x0,0x0,0x0)\HD(4,GPT,BDB7C1DB-57F7-416D-9714-7B0264C57C75,0x1BEF5000,0x32800)
132:455  0:000          Result of bootcode detection: bootable Windows (win)
132:455  0:000          This is SelfVolume !!
132:455  0:000  - [06]: Volume: PciRoot(0x0)\Pci(0x1F,0x2)\Sata(0x5,0x0,0x0)\HD(1,GPT,19F23730-485C-4A7E-868D-CF87F4634692,0x29,0x3A385FE6)
132:455  0:000          Result of bootcode detection: bootable Windows (vista,win)
132:455  0:000  Chosen embedded theme
132:455  0:000  found boot-args in NVRAM:, size=1
132:455  0:000  after NVRAM boot-args=slide=0 dart=0 nv_disable=1 kext-dev-mode=1
132:455  0:000  === [ AddCustomEntries ] ==================================
132:455  0:000  Custom entry 0 Title:"Recovery" Path:"\com.apple.recovery.boot\boot.efi" Type:10 Flags:0x6 matching all volumes
132:455  0:000      Checking volume "macOS" (PciRoot(0x0)\Pci(0x1F,0x2)\Sata(0x0,0x0,0x0)\HD(1,GPT,FD90F5CB-EB4E-4E24-8A4A-388094E97332,0x800,0x8ACA8E0)) ... skipped because path does not exist
132:455  0:000      Checking volume "Recovery HD" (PciRoot(0x0)\Pci(0x1F,0x2)\Sata(0x0,0x0,0x0)\HD(2,GPT,C6528715-FFE3-4432-80F5-A759CF30E15F,0x8ACB0E0,0x135F20)) ... match!
132:456  0:000  Custom settings: <null string>.plist will  be applied
132:456  0:000      Checking volume "EFI" (PciRoot(0x0)\Pci(0x1F,0x2)\Sata(0x0,0x0,0x0)\HD(4,GPT,BDB7C1DB-57F7-416D-9714-7B0264C57C75,0x1BEF5000,0x32800)) ... skipped because path does not exist
132:456  0:000  Custom entry 1 Title:"Windows" Path:"\EFI\Microsoft\Boot\bootmgfw.efi" Options:"-s -h" Type:7 Flags:0x0 matching all volumes
132:456  0:000      Checking volume "macOS" (PciRoot(0x0)\Pci(0x1F,0x2)\Sata(0x0,0x0,0x0)\HD(1,GPT,FD90F5CB-EB4E-4E24-8A4A-388094E97332,0x800,0x8ACA8E0)) ... skipped because path does not exist
132:456  0:000      Checking volume "Recovery HD" (PciRoot(0x0)\Pci(0x1F,0x2)\Sata(0x0,0x0,0x0)\HD(2,GPT,C6528715-FFE3-4432-80F5-A759CF30E15F,0x8ACB0E0,0x135F20)) ... skipped because path does not exist
132:456  0:000      Checking volume "EFI" (PciRoot(0x0)\Pci(0x1F,0x2)\Sata(0x0,0x0,0x0)\HD(4,GPT,BDB7C1DB-57F7-416D-9714-7B0264C57C75,0x1BEF5000,0x32800)) ... skipped because path does not exist
132:456  0:000  === [ ScanLoader ] ========================================
132:456  0:000  - [02]: 'macOS'
132:459  0:003          AddLoaderEntry for Volume Name=macOS
132:461  0:001      hibernated: set as never
132:486  0:025  - [03]: 'Recovery HD'
132:486  0:000          AddLoaderEntry for Volume Name=Recovery HD
132:486  0:000       skipped because path `PciRoot(0x0)\Pci(0x1F,0x2)\Sata(0x0,0x0,0x0)\HD(2,GPT,C6528715-FFE3-4432-80F5-A759CF30E15F,0x8ACB0E0,0x135F20)\com.apple.recovery.boot\boot.efii` already exists for another entry!
132:487  0:001  - [05]: 'EFI'
132:488  0:000          AddLoaderEntry for Volume Name=EFI
132:489  0:001          AddLoaderEntry for Volume Name=EFI
132:489  0:000          skipped because entry is hidden
132:489  0:000  Scanning legacy ...
132:489  0:000   5: 'EFI' (win) add legacy
132:490  0:000   added 'Boot Windows from EFI' OSType=2 Icon=win
132:490  0:000   6: 'Legacy HD1' (vista,win) add legacy
132:490  0:000   added 'Boot Windows from Legacy HD1' OSType=2 Icon=vista,win
132:490  0:000  === [ AddCustomTool ] =====================================
132:490  0:000  found tool \EFI\CLOVER\tools\Shell64U.efi
132:490  0:000  Checking EFI partition Volume 5 for Clover
132:490  0:000   Found Clover
132:490  0:000  === [ GetEfiBootDeviceFromNvram ] =========================
132:490  0:000   - found entry 1. 'Boot macOS from macOS', Volume 'macOS', DevicePath 'PciRoot(0x0)\Pci(0x1F,0x2)\Sata(0x0,0x0,0x0)\HD(1,GPT,FD90F5CB-EB4E-4E24-8A4A-388094E97332,0x800,0x8ACA8E0)\System\Library\CoreServices\boot.efii'
132:490  0:000  DefaultIndex=1 and MainMenu.EntryCount=11
132:805  0:315  ReinitSelfLib after theme change
132:805  0:000  reinit: self device path=PciRoot(0x0)\Pci(0x1F,0x2)\Sata(0x0,0x0,0x0)\HD(4,GPT,BDB7C1DB-57F7-416D-9714-7B0264C57C75,0x1BEF5000,0x32800)
132:806  0:000  === [ ScanVolumes ] =======================================
132:806  0:000  Found 7 volumes with blockIO
132:806  0:000  - [00]: Volume: PciRoot(0x0)\Pci(0x1F,0x2)\Sata(0x0,0x0,0x0)
132:806  0:000  - [01]: Volume: PciRoot(0x0)\Pci(0x1F,0x2)\Sata(0x5,0x0,0x0)
132:806  0:000  - [02]: Volume: PciRoot(0x0)\Pci(0x1F,0x2)\Sata(0x0,0x0,0x0)\HD(1,GPT,FD90F5CB-EB4E-4E24-8A4A-388094E97332,0x800,0x8ACA8E0)
132:806  0:000  - [03]: Volume: PciRoot(0x0)\Pci(0x1F,0x2)\Sata(0x0,0x0,0x0)\HD(2,GPT,C6528715-FFE3-4432-80F5-A759CF30E15F,0x8ACB0E0,0x135F20)
132:806  0:000  - [04]: Volume: PciRoot(0x0)\Pci(0x1F,0x2)\Sata(0x0,0x0,0x0)\HD(3,GPT,FF8A742E-2E7A-41E8-9393-4A164E78F389,0x8C01000,0x8C00800)
132:807  0:000  - [05]: Volume: PciRoot(0x0)\Pci(0x1F,0x2)\Sata(0x0,0x0,0x0)\HD(4,GPT,BDB7C1DB-57F7-416D-9714-7B0264C57C75,0x1BEF5000,0x32800)
132:807  0:000          Result of bootcode detection: bootable Windows (win)
132:807  0:000          This is SelfVolume !!
132:807  0:000  - [06]: Volume: PciRoot(0x0)\Pci(0x1F,0x2)\Sata(0x5,0x0,0x0)\HD(1,GPT,19F23730-485C-4A7E-868D-CF87F4634692,0x29,0x3A385FE6)
132:807  0:000          Result of bootcode detection: bootable Windows (vista,win)
132:807  0:000  Chosen embedded theme
132:807  0:000  found boot-args in NVRAM:, size=1
132:807  0:000  after NVRAM boot-args=slide=0 dart=0 nv_disable=1 kext-dev-mode=1
132:807  0:000  === [ AddCustomEntries ] ==================================
132:807  0:000  Custom entry 0 Title:"Recovery" Path:"\com.apple.recovery.boot\boot.efi" Type:10 Flags:0x6 matching all volumes
132:807  0:000      Checking volume "macOS" (PciRoot(0x0)\Pci(0x1F,0x2)\Sata(0x0,0x0,0x0)\HD(1,GPT,FD90F5CB-EB4E-4E24-8A4A-388094E97332,0x800,0x8ACA8E0)) ... skipped because path does not exist
132:807  0:000      Checking volume "Recovery HD" (PciRoot(0x0)\Pci(0x1F,0x2)\Sata(0x0,0x0,0x0)\HD(2,GPT,C6528715-FFE3-4432-80F5-A759CF30E15F,0x8ACB0E0,0x135F20)) ... match!
132:808  0:000  Custom settings: <null string>.plist will  be applied
132:808  0:000      Checking volume "EFI" (PciRoot(0x0)\Pci(0x1F,0x2)\Sata(0x0,0x0,0x0)\HD(4,GPT,BDB7C1DB-57F7-416D-9714-7B0264C57C75,0x1BEF5000,0x32800)) ... skipped because path does not exist
132:808  0:000  Custom entry 1 Title:"Windows" Path:"\EFI\Microsoft\Boot\bootmgfw.efi" Options:"-s -h" Type:7 Flags:0x0 matching all volumes
132:808  0:000      Checking volume "macOS" (PciRoot(0x0)\Pci(0x1F,0x2)\Sata(0x0,0x0,0x0)\HD(1,GPT,FD90F5CB-EB4E-4E24-8A4A-388094E97332,0x800,0x8ACA8E0)) ... skipped because path does not exist
132:808  0:000      Checking volume "Recovery HD" (PciRoot(0x0)\Pci(0x1F,0x2)\Sata(0x0,0x0,0x0)\HD(2,GPT,C6528715-FFE3-4432-80F5-A759CF30E15F,0x8ACB0E0,0x135F20)) ... skipped because path does not exist
132:808  0:000      Checking volume "EFI" (PciRoot(0x0)\Pci(0x1F,0x2)\Sata(0x0,0x0,0x0)\HD(4,GPT,BDB7C1DB-57F7-416D-9714-7B0264C57C75,0x1BEF5000,0x32800)) ... skipped because path does not exist
132:808  0:000  === [ ScanLoader ] ========================================
132:808  0:000  - [02]: 'macOS'
132:811  0:003          AddLoaderEntry for Volume Name=macOS
132:813  0:001      hibernated: set as never
132:840  0:026  - [03]: 'Recovery HD'
132:840  0:000          AddLoaderEntry for Volume Name=Recovery HD
132:840  0:000       skipped because path `PciRoot(0x0)\Pci(0x1F,0x2)\Sata(0x0,0x0,0x0)\HD(2,GPT,C6528715-FFE3-4432-80F5-A759CF30E15F,0x8ACB0E0,0x135F20)\com.apple.recovery.boot\boot.efii` already exists for another entry!
132:841  0:001  - [05]: 'EFI'
132:841  0:000          AddLoaderEntry for Volume Name=EFI
132:843  0:001          AddLoaderEntry for Volume Name=EFI
132:843  0:000  Scanning legacy ...
132:843  0:000   5: 'EFI' (win) add legacy
132:843  0:000   added 'Boot Windows from EFI' OSType=2 Icon=win
132:843  0:000   6: 'Legacy HD1' (vista,win) add legacy
132:843  0:000   added 'Boot Windows from Legacy HD1' OSType=2 Icon=vista,win
132:843  0:000  === [ AddCustomTool ] =====================================
132:843  0:000  found tool \EFI\CLOVER\tools\Shell64U.efi
132:843  0:000  Checking EFI partition Volume 5 for Clover
132:843  0:000   Found Clover
132:843  0:000  === [ GetEfiBootDeviceFromNvram ] =========================
132:843  0:000   - found entry 1. 'Boot macOS from macOS', Volume 'macOS', DevicePath 'PciRoot(0x0)\Pci(0x1F,0x2)\Sata(0x0,0x0,0x0)\HD(1,GPT,FD90F5CB-EB4E-4E24-8A4A-388094E97332,0x800,0x8ACA8E0)\System\Library\CoreServices\boot.efii'
132:843  0:000  DefaultIndex=1 and MainMenu.EntryCount=12
136:261  3:418  ReinitSelfLib after theme change
136:261  0:000  reinit: self device path=PciRoot(0x0)\Pci(0x1F,0x2)\Sata(0x0,0x0,0x0)\HD(4,GPT,BDB7C1DB-57F7-416D-9714-7B0264C57C75,0x1BEF5000,0x32800)
136:261  0:000  === [ ScanVolumes ] =======================================
136:261  0:000  Found 7 volumes with blockIO
136:261  0:000  - [00]: Volume: PciRoot(0x0)\Pci(0x1F,0x2)\Sata(0x0,0x0,0x0)
136:262  0:000  - [01]: Volume: PciRoot(0x0)\Pci(0x1F,0x2)\Sata(0x5,0x0,0x0)
136:262  0:000  - [02]: Volume: PciRoot(0x0)\Pci(0x1F,0x2)\Sata(0x0,0x0,0x0)\HD(1,GPT,FD90F5CB-EB4E-4E24-8A4A-388094E97332,0x800,0x8ACA8E0)
136:262  0:000  - [03]: Volume: PciRoot(0x0)\Pci(0x1F,0x2)\Sata(0x0,0x0,0x0)\HD(2,GPT,C6528715-FFE3-4432-80F5-A759CF30E15F,0x8ACB0E0,0x135F20)
136:262  0:000  - [04]: Volume: PciRoot(0x0)\Pci(0x1F,0x2)\Sata(0x0,0x0,0x0)\HD(3,GPT,FF8A742E-2E7A-41E8-9393-4A164E78F389,0x8C01000,0x8C00800)
136:263  0:000  - [05]: Volume: PciRoot(0x0)\Pci(0x1F,0x2)\Sata(0x0,0x0,0x0)\HD(4,GPT,BDB7C1DB-57F7-416D-9714-7B0264C57C75,0x1BEF5000,0x32800)
136:263  0:000          Result of bootcode detection: bootable Windows (win)
136:263  0:000          This is SelfVolume !!
136:263  0:000  - [06]: Volume: PciRoot(0x0)\Pci(0x1F,0x2)\Sata(0x5,0x0,0x0)\HD(1,GPT,19F23730-485C-4A7E-868D-CF87F4634692,0x29,0x3A385FE6)
136:263  0:000          Result of bootcode detection: bootable Windows (vista,win)
136:263  0:000  Chosen embedded theme
136:263  0:000  found boot-args in NVRAM:, size=1
136:263  0:000  after NVRAM boot-args=slide=0 dart=0 nv_disable=1 kext-dev-mode=1
136:263  0:000  === [ AddCustomEntries ] ==================================
136:263  0:000  Custom entry 0 Title:"Recovery" Path:"\com.apple.recovery.boot\boot.efi" Type:10 Flags:0x6 matching all volumes
136:263  0:000      Checking volume "macOS" (PciRoot(0x0)\Pci(0x1F,0x2)\Sata(0x0,0x0,0x0)\HD(1,GPT,FD90F5CB-EB4E-4E24-8A4A-388094E97332,0x800,0x8ACA8E0)) ... skipped because path does not exist
136:263  0:000      Checking volume "Recovery HD" (PciRoot(0x0)\Pci(0x1F,0x2)\Sata(0x0,0x0,0x0)\HD(2,GPT,C6528715-FFE3-4432-80F5-A759CF30E15F,0x8ACB0E0,0x135F20)) ... match!
136:264  0:000  Custom settings: <null string>.plist will  be applied
136:264  0:000      Checking volume "EFI" (PciRoot(0x0)\Pci(0x1F,0x2)\Sata(0x0,0x0,0x0)\HD(4,GPT,BDB7C1DB-57F7-416D-9714-7B0264C57C75,0x1BEF5000,0x32800)) ... skipped because path does not exist
136:264  0:000  Custom entry 1 Title:"Windows" Path:"\EFI\Microsoft\Boot\bootmgfw.efi" Options:"-s -h" Type:7 Flags:0x0 matching all volumes
136:264  0:000      Checking volume "macOS" (PciRoot(0x0)\Pci(0x1F,0x2)\Sata(0x0,0x0,0x0)\HD(1,GPT,FD90F5CB-EB4E-4E24-8A4A-388094E97332,0x800,0x8ACA8E0)) ... skipped because path does not exist
136:264  0:000      Checking volume "Recovery HD" (PciRoot(0x0)\Pci(0x1F,0x2)\Sata(0x0,0x0,0x0)\HD(2,GPT,C6528715-FFE3-4432-80F5-A759CF30E15F,0x8ACB0E0,0x135F20)) ... skipped because path does not exist
136:264  0:000      Checking volume "EFI" (PciRoot(0x0)\Pci(0x1F,0x2)\Sata(0x0,0x0,0x0)\HD(4,GPT,BDB7C1DB-57F7-416D-9714-7B0264C57C75,0x1BEF5000,0x32800)) ... skipped because path does not exist
136:264  0:000  === [ ScanLoader ] ========================================
136:264  0:000  - [02]: 'macOS'
136:268  0:003          AddLoaderEntry for Volume Name=macOS
136:269  0:001      hibernated: set as never
136:294  0:025  - [03]: 'Recovery HD'
136:295  0:000          AddLoaderEntry for Volume Name=Recovery HD
136:295  0:000       skipped because path `PciRoot(0x0)\Pci(0x1F,0x2)\Sata(0x0,0x0,0x0)\HD(2,GPT,C6528715-FFE3-4432-80F5-A759CF30E15F,0x8ACB0E0,0x135F20)\com.apple.recovery.boot\boot.efii` already exists for another entry!
136:296  0:001  - [05]: 'EFI'
136:296  0:000          AddLoaderEntry for Volume Name=EFI
136:298  0:001          AddLoaderEntry for Volume Name=EFI
136:298  0:000          skipped because entry is hidden
136:298  0:000  Scanning legacy ...
136:298  0:000   5: 'EFI' (win) add legacy
136:298  0:000   added 'Boot Windows from EFI' OSType=2 Icon=win
136:298  0:000   6: 'Legacy HD1' (vista,win) add legacy
136:298  0:000   added 'Boot Windows from Legacy HD1' OSType=2 Icon=vista,win
136:298  0:000  === [ AddCustomTool ] =====================================
136:298  0:000  found tool \EFI\CLOVER\tools\Shell64U.efi
136:298  0:000  Checking EFI partition Volume 5 for Clover
136:298  0:000   Found Clover
136:298  0:000  === [ GetEfiBootDeviceFromNvram ] =========================
136:298  0:000   - found entry 1. 'Boot macOS from macOS', Volume 'macOS', DevicePath 'PciRoot(0x0)\Pci(0x1F,0x2)\Sata(0x0,0x0,0x0)\HD(1,GPT,FD90F5CB-EB4E-4E24-8A4A-388094E97332,0x800,0x8ACA8E0)\System\Library\CoreServices\boot.efii'
136:298  0:000  DefaultIndex=1 and MainMenu.EntryCount=11
